2015/04/20 10:57:55 INFO  - jmeter.util.JMeterUtils: Setting Locale to en 
2015/04/20 10:57:55 INFO  - jmeter.JMeter: Loading user properties from: /opt/org/apache/jmeter/bin/user.properties 
2015/04/20 10:57:55 INFO  - jmeter.JMeter: Loading system properties from: /opt/org/apache/jmeter/bin/system.properties 
2015/04/20 10:57:55 INFO  - jmeter.JMeter: Setting System property: user.dir=/root/jmeter-working-dir/bin/../ 
2015/04/20 10:57:55 INFO  - jmeter.JMeter: Setting JMeter property: PLAN.RUNID=0420-1057 
2015/04/20 10:57:55 INFO  - jmeter.JMeter: Copyright (c) 1998-2013 The Apache Software Foundation 
2015/04/20 10:57:55 INFO  - jmeter.JMeter: Version 2.9 r1437961 
2015/04/20 10:57:55 INFO  - jmeter.JMeter: java.version=1.6.0_33 
2015/04/20 10:57:55 INFO  - jmeter.JMeter: java.vm.name=OpenJDK 64-Bit Server VM 
2015/04/20 10:57:55 INFO  - jmeter.JMeter: os.name=Linux 
2015/04/20 10:57:55 INFO  - jmeter.JMeter: os.arch=amd64 
2015/04/20 10:57:55 INFO  - jmeter.JMeter: os.version=3.8.0-29-generic 
2015/04/20 10:57:55 INFO  - jmeter.JMeter: file.encoding=UTF-8 
2015/04/20 10:57:55 INFO  - jmeter.JMeter: Default Locale=English (United States) 
2015/04/20 10:57:55 INFO  - jmeter.JMeter: JMeter  Locale=English 
2015/04/20 10:57:55 INFO  - jmeter.JMeter: JMeterHome=/opt/org/apache/jmeter 
2015/04/20 10:57:55 INFO  - jmeter.JMeter: user.dir  =/root/jmeter-working-dir/bin/../ 
2015/04/20 10:57:55 INFO  - jmeter.JMeter: PWD       =/root/jmeter-working-dir 
2015/04/20 10:57:55 INFO  - jmeter.JMeter: IP: 140.92.25.68 Name: CI FullName: CI 
2015/04/20 10:57:55 INFO  - jmeter.services.FileServer: Default base='/root/jmeter-working-dir/bin/../' 
2015/04/20 10:57:55 INFO  - jmeter.services.FileServer: Set new base='/root/jmeter-working-dir/bin/../plans' 
2015/04/20 10:57:55 INFO  - jmeter.JMeter: Loading file: /root/jmeter-working-dir/bin/../plans/multi-group.jmx 
2015/04/20 10:57:55 INFO  - jmeter.save.SaveService: Testplan (JMX) version: 2.2. Testlog (JTL) version: 2.2 
2015/04/20 10:57:55 INFO  - jmeter.save.SaveService: Using SaveService properties file encoding UTF-8 
2015/04/20 10:57:55 INFO  - jmeter.save.SaveService: Using SaveService properties file version 1427507 
2015/04/20 10:57:55 INFO  - jmeter.save.SaveService: Using SaveService properties version 2.4 
2015/04/20 10:57:55 INFO  - jmeter.save.SaveService: All converter versions present and correct 
2015/04/20 10:57:55 INFO  - jmeter.protocol.http.control.CookieManager: Settings: Delete null: true Check: true Allow variable: true Save: false Prefix: COOKIE_ 
2015/04/20 10:57:55 INFO  - jmeter.protocol.http.sampler.HTTPSamplerBase: Cannot find .className property for htmlParser, using default 
2015/04/20 10:57:55 INFO  - jmeter.protocol.http.sampler.HTTPSamplerBase: Parser for text/html is  
2015/04/20 10:57:55 INFO  - jmeter.protocol.http.sampler.HTTPSamplerBase: Parser for application/xhtml+xml is  
2015/04/20 10:57:55 INFO  - jmeter.protocol.http.sampler.HTTPSamplerBase: Parser for application/xml is  
2015/04/20 10:57:55 INFO  - jmeter.protocol.http.sampler.HTTPSamplerBase: Parser for text/xml is  
2015/04/20 10:57:55 INFO  - jmeter.protocol.http.sampler.HTTPSamplerBase: Parser for text/vnd.wap.wml is org.apache.jmeter.protocol.http.parser.RegexpHTMLParser 
2015/04/20 10:57:55 INFO  - jmeter.protocol.http.sampler.HTTPSamplerBase: Reuse SSL session context on subsequent iterations: true 
2015/04/20 10:57:55 INFO  - jmeter.util.BSFTestElement: Registering JMeter version of JavaScript engine as work-round for BSF-22 
2015/04/20 10:57:56 INFO  - jmeter.engine.StandardJMeterEngine: Listeners will be started after enabling running version 
2015/04/20 10:57:56 INFO  - jmeter.engine.StandardJMeterEngine: To revert to the earlier behaviour, define jmeterengine.startlistenerslater=false 
2015/04/20 10:57:56 INFO  - jmeter.engine.StandardJMeterEngine: Running the test! 
2015/04/20 10:57:56 INFO  - jmeter.engine.util.CompoundVariable: Note: Function class names must contain the string: '.functions.' 
2015/04/20 10:57:56 INFO  - jmeter.engine.util.CompoundVariable: Note: Function class names must not contain the string: '.gui.' 
2015/04/20 10:57:56 INFO  - jmeter.JMeter: Running test (1429498676425) 
2015/04/20 10:57:56 INFO  - jmeter.engine.StandardJMeterEngine: Starting ThreadGroup: 1 : cosa1 - CI 
2015/04/20 10:57:56 INFO  - jmeter.engine.StandardJMeterEngine: Starting 1 threads for group cosa1 - CI. 
2015/04/20 10:57:56 INFO  - jmeter.engine.StandardJMeterEngine: Thread will continue on error 
2015/04/20 10:57:56 INFO  - jmeter.threads.ThreadGroup: Starting thread group number 1 threads 1 ramp-up 1 perThread 1000.0 delayedStart=true 
2015/04/20 10:57:56 INFO  - jmeter.threads.ThreadGroup: Started thread group number 1 
2015/04/20 10:57:56 INFO  - jmeter.engine.StandardJMeterEngine: All thread groups have been started 
2015/04/20 10:57:56 INFO  - jmeter.threads.JMeterThread: jmeterthread.startearlier=true (see jmeter.properties) 
2015/04/20 10:57:56 INFO  - jmeter.threads.JMeterThread: Running PostProcessors in forward order 
2015/04/20 10:57:56 INFO  - jmeter.threads.JMeterThread: Thread started: cosa1 - CI 1-1 
2015/04/20 10:57:56 INFO  - jmeter.protocol.http.sampler.HTTPHCAbstractImpl: Local host = CI 
2015/04/20 10:57:56 INFO  - jmeter.protocol.http.sampler.HTTPHC4Impl: HTTP request retry count = 1 
2015/04/20 10:57:56 INFO  - jmeter.protocol.http.sampler.HTTPHC4Impl: Setting up HTTPS TrustAll scheme 
2015/04/20 10:57:56 INFO  - jmeter.util.JsseSSLManager: Using default SSL protocol: TLS 
2015/04/20 10:57:56 INFO  - jmeter.util.JsseSSLManager: SSL session context: per-thread 
2015/04/20 10:57:56 INFO  - jmeter.samplers.SampleResult: Note: Sample TimeStamps are START times 
2015/04/20 10:57:56 INFO  - jmeter.samplers.SampleResult: sampleresult.default.encoding is set to UTF-8 
2015/04/20 10:57:56 INFO  - jmeter.samplers.SampleResult: sampleresult.useNanoTime=true 
2015/04/20 10:57:56 INFO  - jmeter.samplers.SampleResult: sampleresult.nanoThreadSleep=5000 
2015/04/20 10:57:56 INFO  - jmeter.util.SSLManager: JmeterKeyStore Location:  type JKS 
2015/04/20 10:57:56 INFO  - jmeter.util.SSLManager: KeyStore created OK 
2015/04/20 10:57:56 WARN  - jmeter.util.SSLManager: Keystore file not found, loading empty keystore 
2015/04/20 10:57:59 INFO  - jmeter.threads.JMeterThread: Thread finished: cosa1 - CI 1-1 
2015/04/20 10:57:59 INFO  - jmeter.engine.StandardJMeterEngine: Notifying test listeners of end of test 
